TIME OUT

http://blogs.loc.gov/loc/2017/03/new-book-picturing-america-the-golden-age-of-pictorial-maps/
http://blogs.loc.gov/thesignal/2017/01/using-three-dimensional-modeling-to-preserve-cultural-heritage/
http://businessinsider.tumblr.com/post/173671059738/the-us-is-split-into-more-than-a-dozen-belts
http://coaxs.mit.edu/job-map/
http://creatingdata.us/testing/county_populations/
http://datarep.tumblr.com/post/164860258498/thirty-years-of-major-flooding-in-the-united
http://dataviz.drees.solidarites-sante.gouv.fr/conditions_de_vie_des_enfants/
http://demto3d.com/en/sample-page/
http://dirks-blog.tumblr.com/LEGO-world-map
http://ec.europa.eu/eurostat/statistics-explained/index.php/Pig_farming_sector_-_statistical_portrait_2014
http://election-data.co.uk/moving-in-to-and-out-of-london-2013-2016
http://fiftythree.studio/post/178715618271/hadrosaur-alaska-state-ferry-about-10-15-of
http://ghost.mixedbredie.net/driving-distance-animations-with-pgrouting-a-how-to/
http://interesting-maps.tumblr.com/post/155399318959/commemorative-escape-map-decks-like-these-were
http://magrit.cnrs.fr/
http://marine.projects.ga.gov.au/mh370-phase-one-data-release.html
http://meshu.io/
http://metrocosmblog.tumblr.com/post/137599807212/half-of-spains-population-lives-in-the-red-areas
http://minerals4eu.brgm-rec.fr/minerals4EU/
http://mobile.reuters.com/article/amp/idUSKCN0Z22KV
http://money.cnn.com/2017/06/07/technology/business/maps-wars-self-driving-cars/index.html
http://mortuarymapping.matrix.msu.edu/maps.html
http://museumstat.org/#/
http://news.colgate.edu/scene/2017/05/raspberry-shake-seismology-branden-christensen-entrepreneur.html
http://news.mit.edu/2018/new-way-to-automatically-build-road-maps-with-aerial-images-0417
http://nextgis.com/blog/peoplefinder/
http://nhaap.ornl.gov/2016-national-hydropower-map
http://nivo.rocks/#/
http://niyogibooksindia.com/portfolio-items/maps-of-delhi-books/
http://pilotonline.com/news/local/transportation/people-like-that-tactile-feeling-how-and-why-virginia-road/article_447f5896-5469-5823-8dbc-e2e44a3eb7d3.html
http://plakovic.com/originals/WBM.shtml
http://pointclouds.nci.org.au/mh370/bathymetry.html
http://religionatlas.org/?page_id=44
http://rsst.org.uk/about-us/faqs/
http://sigdeletras.com/2016/primeros-pasos-carto-builder-mapa-de-edificios-de-sevilla
http://toyota.jp/information/campaign/sense_of_wonder/wondermap/
http://viewer.beta.db4iot.net/trimet
http://voleum.com/nine-ancient-maps-not-exist/
http://worstofosm.tumblr.com/?og=1
http://www.barcrawl.co.uk/pubcrawledit.aspx?TYPE=RDM
http://www.caissedesdepotsdesterritoires.fr/cs/ContentServer/?pagename=Territoires/Articles/Articles&cid=1250279909791&nl=1
http://www.cartostat.eu/cl=2014_revenus-pauvrete/TABLEAU%C2%B0.html
http://www.designingmapinterfaces.com/
http://www.eia.gov/beta/realtime_grid/#/status?end=20161002T00
http://www.escolamassana.cat/ca/cartografia-critica-art-i-cartografia-des-del-pensament-critic_27164
http://www.explore-everest.com/mt-everest-journey.html
http://www.geckomaps.com/en/products/japan/asahi-dake-hiking-map-detail
http://www.geographicus.com/blog/rare-and-antique-maps/a-serio-comic-map-for-today/
http://www.heritagedaily.com/2016/10/112877/112877
http://www.justinobeirne.com/essay/two-maps
http://www.mapbliss.com/OregonLighthouses/
http://www.mckinsey.com/industries/capital-projects-and-infrastructure/our-insights/imagining-constructions-digital-future
http://www.microcatalunya.cat/mapa-micro-catalunya/
http://www.obsa.ad/ates/#
http://www.rong-design.com/index.php?id=1826
http://www.sterlinggeo.com/news-articles/2017/11/03/verifying-openstreetmap-with-sentinel-data/
http://www.thegreatamericangrid.com/infographics
http://www.tobyeglesfield.com/a-map-showing-the-steepness-of-streets/
http://www.tomnod.com/
https://adaptwest.shinyapps.io/climate_displacement/
https://adventuresinmapping.github.io/lego-map/
https://blog.dronedeploy.com/introducing-fieldscanner-real-time-drone-mapping-is-here-9e8c350775ed
https://blog.foam.space/the-spatial-index-9793f42c46c8
https://blog.insightdatascience.com/deep-learning-for-disaster-recovery-45c8cd174d7a
https://blog.mapbox.com/2-cm-drone-imagery-of-damage-to-coffey-park-and-journeys-end-in-santa-rosa-861cd64953df
https://blog.mapbox.com/are-san-francisco-buildings-as-tall-as-they-could-be-77ecc4a3d32a
https://blog.mapbox.com/combining-the-power-of-aws-lambda-and-rasterio-8ffd3648c348
https://blog.mapbox.com/detecting-informal-settlements-in-south-america-how-i-built-it-cb139a870816
https://blog.mapbox.com/everything-that-happened-at-locate-day-1-16d45fb0ac39
https://blog.mapbox.com/pathfinders-sketches-cartographers-at-official-automobile-blue-book-company-75118069047c
https://blog.mapbox.com/visualizing-street-orientations-on-an-interactive-map-1eefa6002afc
https://blog.micasense.com/spains-oldest-vineyards-where-tradition-and-technology-meet-25079ab8fff0
https://blogs.loc.gov/thesignal/2018/02/digital-scholarship-resource-guide-tools-for-spatial-analysis-part-5-of-7/
https://cloudfrequency.appspot.com/
https://comunicats.cat/geolocalitzacio-dels-incidents-violents-a-catalunya-a-favor-de-la-unitat-despanya/
https://cristinadc.carto.com/viz/7b540e62-61e0-11e5-aec9-0e4fddd5de28/public_map
https://daviddanos.wordpress.com/gva-transit/
https://geobi-lab.com/nyc_rats-1.html
https://global-surface-water.appspot.com/
https://hackernoon.com/renters-and-owners-visualizing-every-person-in-the-us-ba97d3c49c02
https://hackernoon.com/the-new-space-race-24ccd953967d
https://hi.stamen.com/creating-3d-bathymetric-maps-with-2d-data-d29004694044
https://hi.stamen.com/stamen-aws-lambda-tiler-blog-post-76fc1138a145#.d8lkoh1i6
https://industrialheritage.travel/map
https://kristofvantricht.users.earthengine.app/view/sarworld
https://legrandcontinent.eu/2018/01/25/larctique-en-deux-cartes/%20https://i.redd.it/tlhpfagkf8u01.jpg
https://maps-apis.googleblog.com/2017/01/open-sourcing-google-earth-enterprise.html
https://maps3d.io/
https://medium.com/@georgiacorr/nobody-lives-here-united-kingdom-e2f6afdd05c9
https://medium.com/@umaar/data-visualisation-with-1-billion-shazam-music-recognitions-90728df3a8c9
https://metricmaps.org/2016/10/12/2015-san-francisco-drugnarcotic-arrest-density-grid/
https://metricmaps.org/2017/02/06/uk-land-area-241930-km%c2%b2-and-population-64-1-million-overlapped-on-us-map/
https://metricmaps.org/2017/02/09/france-overlapped-on-texas/
https://metricmaps.org/2017/05/18/8-states-fit-into-nyc-boroughs/
https://metricmaps.org/2017/10/21/60-of-us-population-is-5-miles-from-the-interstate/
https://nyaquarium.com/updates/explore-the-new-york-seascape
https://pilotonline.com/business/real-estate/real-estate-firm-has-eyes-flying--feet-above-hampton/article_57d41620-63a2-5e1d-a98a-0c1149d6f1bd.html
https://tobaccocontrol.bmj.com/content/early/2018/07/10/tobaccocontrol-2018-054269
https://towardsdatascience.com/loading-data-from-openstreetmap-with-python-and-the-overpass-api-513882a27fd0
https://twitter.com/federacionsISF
https://twitter.com/ICGCcat
https://twitter.com/sitioshirts
https://twitter.com/volayaf
https://vdatum.noaa.gov/vdatumweb/
https://werobotics.org/blog/2018/01/10/open-ai-challenge/
https://wilwheaton.tumblr.com/post/161498399624/oldschoolsciencefiction-say-hello-to-the-voskhod
https://worldmapper.org/
https://www.academia.edu/31504365/Geograf%C3%ADa_de_la_crisis_inmobiliaria_en_Catalu%C3%B1a_Una_lectura_a_partir_de_los_desahucios_por_ejecuci%C3%B3n_hipotecaria
https://www.acaps.org/special-report/crisis-overview-2016-humanitarian-trends-and-risks-2017
https://www.alansfactoryoutlet.com/official-birds-of-the-united-states
https://www.amazon.com/All-Over-Map-Cartographic-Odyssey/dp/1426219725
https://www.amazon.com/Laser-Thats-Changing-World-Self-Driving/dp/163388466X/ref=sr_1_sc_1
https://www.andersondesigngroupstore.com/a/collections/american-national-parks/map-of-american-national-parks/8092125511
https://www.behance.net/gallery/44590587/Surfing-in-Italy-a-visual-guide-La-Lettura-257
https://www.behance.net/gallery/44857102/Map-of-fictional-places
https://www.behance.net/gallery/45230883/Map-of-modern-London-inspired-by-John-Rocques-1746-map
https://www.behance.net/gallery/52079941/Map-of-Spain-(updated-January-2018)%20https://shop.thisismikehall.com/
https://www.behance.net/gallery/61129567/Antique-Style-Map-of-Europe
https://www.businessinsider.nl/us-cocaine-prices-change-2016-10/
https://www.centrefortowns.org/maps
https://www.cgdev.org/publication/are-refugees-located-near-urban-job-opportunities
https://www.doggiedrawings.net/map
https://www.e-rock.co.uk/outcrops
https://www.earthmagazine.org/article/fieldwork-among-pixels-virtual-and-augmented-reality-diversify-geoscience-education
https://www.economist.com/blogs/graphicdetail/2018/03/daily-chart-9
https://www.edf.org/airqualitymap
https://www.edugeo.fr/
https://www.eia.gov/beta/international/regions-topics.php?RegionTopicID=WOTC
https://www.entsoe.eu/data/map/
https://www.ers.usda.gov/amber-waves/2016/december/using-the-ers-county-economic-types-to-explore-demographic-and-economic-trends-in-rural-areas/
https://www.esri.com/arcgis-blog/products/js-api-arcgis/mapping/creating-3d-hiking-map
https://www.ethz.ch/en/news-and-events/eth-news/news/2014/03/erdgas-krisen-verhindern.html
https://www.europeandatajournalism.eu/eng/News/Our-pick/A-Balkan-Dam-Boom-Imperils-Europe-s-Wildest-Rivers
https://www.fastcompany.com/3047828/who-needs-gps-the-forgotten-story-of-etaks-amazing-1985-car-navigation-system
https://www.fastcompany.com/3066622/robot-revolution/the-eye-in-the-sky-gets-a-brain-that-knows-what-its-seeing
https://www.fastcompany.com/40429368/this-network-of-indigenous-people-is-reporting-from-the-front-lines-of-climate-change
https://www.fastcompany.com/90233731/a-new-use-for-google-maps-calculating-a-citys-carbon-footprint
https://www.feralscan.org.au/camelscan/pagecontent.aspx?page=camel_largepopulations
https://www.gaccom.jp/en/safety/
https://www.geografiainfinita.com/2018/04/loxodromia-y-ortodromia/
https://www.geosetter.de/en/main-en/
https://www.geospatialworld.net/article/how-location-is-fundamental-to-all-business-processes/
https://www.geospatialworld.net/blogs/did-you-know-the-sources-for-free-lidar-data/
https://www.geospatialworld.net/blogs/google-maps-plus-codes-addressing-system/
https://www.geospatialworld.net/blogs/harnessing-the-true-potential-of-geospatial-data/
https://www.geotab.com/americas-quietest-routes
https://www.geotab.com/the-most-dangerous-highways-in-america/
https://www.gislounge.com/automated-generalization-sped-production-german-mapping-agency/
https://www.gislounge.com/gps-technology-affect-understanding-place/
https://www.gislounge.com/using-gis-landscape-archaeology/
https://www.hackersrepublic.org/outils/creepy
https://www.hetscheepvaartmuseum.nl/ontdek/tentoonstellingen/blaeus-wereld-in-kaart
https://www.ideobfc.fr/geonetwork/srv/fre/catalog.search#/metadata/80db8837-b1d7-46e5-903c-df3727e77549
https://www.insee.fr/fr/statistiques/2901825?sommaire=2901835
https://www.insee.fr/fr/statistiques/3640429
https://www.instamaps.cat/geocatweb/visor.html?businessid=f0f8a5a7c285c54703af735bc4f4b51e&id=1239326#14/41.6145/2.0188
https://www.isid.org/promed-report-map-q2/
https://www.kickstarter.com/projects/publiclab/kickstarter-gold-balloon-mapping-kits
https://www.kickstarter.com/projects/simplertk2b/simplertk2b-the-first-multiband-rtk-shield-based-o
https://www.kobotoolbox.org/
https://www.linkedin.com/feed/update/urn:li:activity:6361669498667438080
https://www.linkedin.com/feed/update/urn:li:activity:6372161396104404992
https://www.linkedin.com/pulse/les-archives-du-shom-en-ligne-documents-in%C3%A9dits-sur-dodeur
https://www.lockheedmartin.com/en-us/products/cdl-systems/hydra-fusion-tools.html
https://www.medigo.com/blog/infographics/longer-life-healthier-life/
https://www.melown.com/
https://www.monreseaumobile.fr/
https://www.movebank.org/
https://www.nationalgeographic.com/magazine/2018/01/arctic-wildlife-sea-ice/
https://www.nationalgeographic.com/magazine/2018/03/bird-migration-interactive-maps/?beta=true
https://www.nationalgeographic.org/maps/crocodilian-ranges/
https://www.nationalgeographic.org/projects/out-of-eden-walk/media/2013-01-a-walk-through-time/?sf178629035=1
https://www.nature.com/articles/n-12446262
https://www.nature.com/articles/sdata2018239
https://www.navigae.fr
https://www.newyorker.com/culture/photo-booth/the-turn-of-the-century-pigeons-that-photographed-earth-from-above
https://www.nga.mil/MediaRoom/News/Pages/A-geographic-feature-by-any-other-name-would-just-be-confusing.aspx
https://www.nga.mil/MediaRoom/PressReleases/Pages/Antineutrino.aspx
https://www.ngs.noaa.gov/GRAV-D/
https://www.nominet.uk/mapping-the-online-world/
https://www.nrdc.org/climate-change-and-health-air-quality#/map
https://www.nypl.org/blog/2017/07/07/surveyor-photos-map
https://www.nytimes.com/2017/12/24/nyregion/traffic-apps-gps-neighborhoods.html
https://www.nytimes.com/2018/08/02/technology/google-maps-neighborhood-names.html
https://www.nytimes.com/2018/10/01/upshot/maps-neighborhoods-shape-child-poverty.html
https://www.nytimes.com/interactive/2016/06/18/world/middleeast/isis-control-places-cities.html?smid=pl-share%20
https://www.nytimes.com/interactive/2017/02/23/us/americas-aging-dams-are-in-need-of-repair.html?&_r=0
https://www.nytimes.com/interactive/2017/02/24/movies/oscars-state-by-state-movie-popularity.html?smid=pl-share&_r=0
https://www.nytimes.com/interactive/2017/06/29/climate/southern-states-worse-climate-effects.html
https://www.nytimes.com/interactive/2017/08/07/upshot/music-fandom-maps.html
https://www.nytimes.com/interactive/2017/10/05/upshot/gun-ownership-partisan-divide.html
https://www.occrp.org/en/paradiseleased/
https://www.oecdregionalwellbeing.org
https://www.orbitz.com/features/michelin-star-spangled-roadtrips/
https://www.ordnancesurvey.co.uk/about/news/2017/augmented-reality-helps-people-see-beyond-map.html
https://www.ordnancesurvey.co.uk/blog/2017/02/carto-tips-using-blend-modes-opacity-levels
https://www.ordnancesurvey.co.uk/blog/2018/01/virtual-escape-mapping/
https://www.ordnancesurvey.co.uk/blog/2018/06/britains-largest-islands/
https://www.ordnancesurvey.co.uk/business-and-government/smart/underground-assets-project-iceberg.html
https://www.ordnancesurvey.co.uk/getoutside/itvs-britains-100-favourite-walks/
https://www.oreilly.com/ideas/understanding-projections-with-spatial-and-geo-data
https://www.osgeo.org/projects/geomoose/
https://www.palomarweb.com/product/my-crumpled/
https://www.paris.fr/actualites/episodes-de-chaleur-des-endroits-frais-pour-se-rafraichir-dans-la-capitale-5941
https://www.passportindex.org/byRank.php
https://www.patrimoniovirtual.com/2018/10/02/virtualizacion-de-patrimonio-inmueble/
https://www.pointbox.xyz
https://www.printmyroute.xyz/
https://www.programmableweb.com/news/programmablewebs-most-interesting-apis-2016-mapping-and-location/brief/2017/01/02
https://www.propelleraero.com/aeropoints
https://www.propublica.org/article/military-pollution-open-burns-radford-virginia
https://www.protectedplanet.net/marine
https://www.psma.com.au/blog/blog/buildings-data-now-available-api-check-it-out
https://www.pubgwintermap.com/
https://www.quantum-systems.com/trinity/
https://www.raconteur.net/infographics/one-belt-one-road
https://www.reddit.com/r/dataisbeautiful/comments/76xw1w/buildings_by_age_in_four_spanish_cities_barcelona/
https://www.reddit.com/r/dataisbeautiful/comments/7pwnub/optimal_routes_from_the_geographic_center_of_the/
https://www.reddit.com/r/MapPorn/comments/2dj9xb/most_recurrent_words_on_wikipedia_oc_4500x2234/
https://www.reddit.com/r/MapPorn/comments/5xaans/if_every_european_secession_movement_succeeded/
https://www.reddit.com/r/MapPorn/comments/6d0wg8/lakes_of_new_zealand_osoc2486x3129/
https://www.reddit.com/r/MapPorn/comments/6mfcgq/genders_of_the_main_rivers_of_france_oc_960x902/%20
https://www.reddit.com/r/MapPorn/comments/6tk7gs/mapa_de_localidades_con_nombres_de_santos_y_santas/
https://www.reddit.com/r/MapPorn/comments/6tkawu/mapa_de_localidades_en_m%C3%A9xico_con_nombre_diablo_o/
https://www.reddit.com/r/MapPorn/comments/6vp22a/how_to_piss_off_everyone_in_europe960x768/
https://www.reddit.com/r/MapPorn/comments/7k1m6e/mean_centers_of_population_by_state_1910_vs_2010/
https://www.resourceprojects.org/
https://www.revistadelauniversidad.mx/articles/15aa78e7-d712-4ae5-8daf-9431390313bd/mapeo-territorial-waorani
https://www.rutesportshorta.org/ca/mapa/
https://www.sapiens.cat/temes/catalunya/interactiu-mapa-de-les-colonies-industrials-de-catalunya_17860_102.html
https://www.scribd.com/document/390270631/El-fenomeno-en-cifras
https://www.securevideo.com/blog/2016/03/18/global-barometric-variation-annual-maps-and-monthly-raw-data
https://www.sfmcanada.org/en/canada-s-forests
https://www.sgsep.com.au/maps/thirdspace/australia-increased-bicycle-ridership/
https://www.sharedstreets.io/
https://www.shopify.com/datastories
https://www.sitepoint.com/3d-maps-with-eegeo-and-leaflet/
https://www.skypixel.com/events/photocontest2017
https://www.slate.fr/story/135242/burgers-cafes-salades-bio-evolution-restauration-region-parisienne
https://www.slideshare.net/klokan/maps-with-docker-openmaptiles-at-dockerconeu-2017
https://www.supernormal.io/projects/american-city-metrics/
https://www.tandfonline.com/doi/full/10.1080/19475705.2016.1271832
https://www.technologyreview.com/lists/technologies/2017/
https://www.technologyreview.com/s/600889/google-unveils-neural-network-with-superhuman-ability-to-determine-the-location-of-almost/
https://www.theatlantic.com/health/archive/2018/05/most-maps-of-the-new-ebola-outbreak-are-wrong/560777/
https://www.theatlantic.com/science/archive/2017/12/bixby-ranch-dangermond-land-donation-in-california/548849/
https://www.theguardian.com/cities/2018/apr/10/too-many-cars-too-few-supermarkets-how-australias-cities-really-stack-up-liveable
https://www.theguardian.com/cities/ng-interactive/2017/dec/19/quiz-city-historic-map
https://www.theguardian.com/inequality/ng-interactive/2017/jul/25/fast-food-england-how-many-takeaways-are-near-you?
https://www.theguardian.com/society/ng-interactive/2015/sep/02/unaffordable-country-where-can-you-afford-to-buy-a-house
https://www.theguardian.com/us-news/ng-interactive/2017/dec/20/bussed-out-america-moves-homeless-people-country-study
https://www.theguardian.com/us-news/ng-interactive/2017/jan/09/special-report-fixing-gun-violence-in-america
https://www.theparisreview.org/blog/2018/06/18/americas-first-female-mapmaker/
https://www.theringer.com/tech/2017/10/24/16527970/bad-internet-maps
https://www.thrillist.com/news/nation/trip-advisors-top-rated-tourist-destinations-across-the-world
https://www.titlemax.com/discovery-center/money-finance/debts-owed-by-the-us-and-owed-to-the-us/
https://www.titlemax.com/discovery-center/money-finance/winter-holiday-spending-per-capita/
https://www.tomtom.com/en_gb/trafficindex/list?citySize=LARGE&continent=ALL&country=ALL
https://www.totalhomescore.com/
https://www.travelsupermarket.com/en-gb/holidays/adventurous/world-scratch-map/
https://www.trekmag.com/news-bike-trip-5000-km-velo-cartographier-amerique-sud
https://www.trendsmap.com/
https://www.ucl.ac.uk/ucl-press/browse-books/mapping-society
https://www.unece.org/fileadmin/DAM/trans/main/sc3/European_inland_waterways_-_2012.pdf
https://www.unequalscenes.com/
https://www.unicef.org/sowc2012/urbanmap/?lan=en
https://www.usanpn.org/data/spring
https://www.usgs.gov/news/new-map-worldwide-croplands-supports-food-and-water-security
https://www.usgs.gov/news/significant-milestone-improving-usability-landsat-satellite-data
https://www.usgs.gov/news/stitching-together-new-digital-geologic-quilt-united-states
https://www.usgs.gov/news/usgs-releases-new-javascript-library-create-location-search-widgets-web-applications
https://www.uv.es/uvweb/uv-news/en/news/-els-parlars-valencians-el-best-seller-sobre-diversitat-linguistica-1285973304159/Novetat.html?id=1286026067113&plantilla=UV_Noticies/Page/TPGDetaillNews
https://www.uvek-gis.admin.ch/BFE/sonnendach/index.html?featureId=7298351
https://www.vg.no/spesial/2017/de-forsomte-broene/kart/index-eng.php#skade
https://www.vinylhub.com/explorer
https://www.vividmaps.com/2018/07/former-states-asia-1860-2018.html
https://www.vividmaps.com/wp-content/uploads/2018/01/Faithland-US.png
https://www.vividmaps.com/wp-content/uploads/2018/11/Indian2017.jpg
https://www.vividseats.com/blog/most-popular-music-new-york/map
https://www.washingtonpost.com/graphics/2018/national/happy-700-american-pyeongchang/
https://www.washingtonpost.com/graphics/2018/national/segregation-us-cities/
https://www.washingtonpost.com/graphics/2018/national/snow-accumulation/
https://www.washingtonpost.com/graphics/business/trade-exposure/
https://www.washingtonpost.com/graphics/national/eclipse/
https://www.washingtonpost.com/graphics/national/structurally-deficient-bridges/
https://www.washingtonpost.com/graphics/national/trump-epa-rollbacks/
https://www.washingtonpost.com/graphics/national/united-states-of-oil/
https://www.washingtonpost.com/news/politics/wp/2017/09/06/heres-how-big-irma-would-be-where-you-live/
https://www.washingtonpost.com/news/wonk/wp/2018/02/20/using-the-best-data-possible-we-set-out-to-find-the-middle-of-nowhere/
https://www.washingtonpost.com/wp-stat/graphics/business/income/index.html
https://www.washingtontunnels.com/
https://www.wearedorothy.com/products/u-s-a-song-map-open-edition
https://www.web-blinds.com/resources/earnings-vs-postcodes/
https://www.wildlabs.net/sites/default/files/community/files/drones_for_gis_-_best_practice_1.2.pdf
https://www.wired.com/story/quantum-physicists-found-a-new-safer-way-to-navigate/
https://www.wral.com/Raleigh-police-search-google-location-history/17377435/
https://www.wsn.com/blog/stadium-capacity-europe-map
https://www.wta.org/go-outside/map
https://www.wwf.es/nuestro_trabajo_/especies_y_habitats/conectividad_y_adaptacion_al_cambio_climatico/evento_autopistas_salvajes/informe__autopistas_salvajes_/
https://www.xn--codeursenlibert-pnb.fr/cartographie/elevations/
https://www.youtube.com/channel/UC2Cl2g2xFTZoAEldxYVzQFg
https://www.youtube.com/watch?v=J97TuxMMiFY
https://www.zaragoza.es/sede/portal/comercio/
https://xkcd.com/1902/


30X


http://jonahadkins.com/cartography/esri/data/2017/08/23/open-roads.html
http://go.nasa.gov/2px0zoI
https://victorvelarde.github.io/presentacion-sig-leaflet/
https://www.citylab.com/environment/2018/02/mapping-the-conflict-zones-between-sprawl-and-biodiversity/553301/
https://www.climatecentral.org/wgts/global-shifting-cities/index.html
https://www.fastcodesign.com/90151694/the-future-of-mapping-according-to-the-creators-of-google-earth
https://www.lowyinstitute.org/global-diplomacy-index/
https://www.mapbox.com/blog/designing-maps-for-mobile-devices/
https://www.npsmap.com/

NOCHECK

http://carto.iau-idf.fr/cartoviz/?id_appli=aero
http://inspire.digidad.space/
http://kronista.co/blog/2017/07/27/bogota-3d/
http://mapporn.org/2018/01/20/cartographers-to-watch-in-2018-part-one/%20http://mapporn.org/2018/01/28/cartographers-to-watch-in-2018-part-two/
http://maps.nicholsonroad.com/zones/
http://mikemcspooky.tumblr.com/post/170764835437/since-school-has-essentially-consumed-my-free
http://millermountain.com/geospatialblog/2018/06/26/postgis-data-in-leaflet/
http://plancuadrante20.carabinerosdechile.cl/
http://www.concours-cartographie.gouv.fr/
http://www.concours-cartographie.gouv.fr/les-resultats?type=professionnel
http://www.giustiziambientale.org/ecuador-il-petrolio-migliora-la-tua-comunita-ma-la-gente-muore-di-cancro/
http://www.neufshares.com/la-quasi-totalite-des-reserves-deau-francaises-contaminees-par-les-pesticides/
https://cliffsandcoasts.com/
https://editor.lokaler.de/
https://kelvinatlas.com/
https://www.iau-idf.fr/liau-et-vous/cartes-donnees/cartes-anciennes.html
https://www.iau-idf.fr/savoir-faire/nos-travaux/edition/les-territoires-de-la-marche-en-ile-de-france.html
https://www.smithsonianmag.com/innovation/how-10-billion-experimental-city-nearly-got-built-rural-minnesota-180968617/
https://www.theodorerindos.com/print-media